This is pdfTeX, Version 3.14159265-2.6-1.40.20 (TeX Live 2019/Debian) (preloaded format=pdflatex 2022.3.24)  22 JUN 2022 13:17
entering extended mode
 restricted \write18 enabled.
 file:line:error style messages enabled.
 %&-line parsing enabled.
**"/home/mich/Desktop/KITSummerSemester/VulenrabilityDiscovery/Finding Vulnerabilities in Smart Contracts/sample-sigconf-i13n.tex"
(/home/mich/Desktop/KITSummerSemester/VulenrabilityDiscovery/Finding Vulnerabilities in Smart Contracts/sample-sigconf-i13n.tex
LaTeX2e <2020-02-02> patch level 2
L3 programming layer <2020-02-14> (/home/mich/Desktop/KITSummerSemester/VulenrabilityDiscovery/Finding Vulnerabilities in Smart Contracts/acmart.cls
Document Class: acmart 2022/04/09 v1.84 Typesetting articles for the Association for Computing Machinery

! LaTeX Error: File `xkeyval.sty' not found.

Type X to quit or <RETURN> to proceed,
or enter new name. (Default extension: sty)

Enter file name: 
/home/mich/Desktop/KITSummerSemester/VulenrabilityDiscovery/Finding Vulnerabilities in Smart Contracts/acmart.cls:48: Emergency stop.
<read *> 
         
l.48 \RequirePackage
                    {xstring}^^M
*** (cannot \read from terminal in nonstop modes)

 
Here is how much of TeX's memory you used:
 34 strings out of 483130
 1258 string characters out of 5963883
 231877 words of memory out of 5000000
 15159 multiletter control sequences out of 15000+600000
 532338 words of font info for 24 fonts, out of 8000000 for 9000
 14 hyphenation exceptions out of 8191
 22i,0n,21p,230b,10s stack positions out of 5000i,500n,10000p,200000b,80000s
/home/mich/Desktop/KITSummerSemester/VulenrabilityDiscovery/Finding Vulnerabilities in Smart Contracts/acmart.cls:48:  ==> Fatal error occurred, no output PDF file produced!
